# JRE version: Java(TM) SE Runtime Environment (8.0_60-b27) (build 1.8.0_60-b27)
# Java VM: Java HotSpot(TM) 64-Bit Server VM (25.60-b23 mixed mode bsd-amd64 compressed oops)
Heap:
 PSYoungGen      total 174592K, used 60105K [0x000000076ab00000, 0x0000000778000000, 0x00000007c0000000)
  eden space 145408K, 32% used [0x000000076ab00000,0x000000076d9a22e0,0x0000000773900000)
  from space 29184K, 42% used [0x0000000776380000,0x0000000776f90240,0x0000000778000000)
  to   space 36352K, 0% used [0x0000000773900000,0x0000000773900000,0x0000000775c80000)
 ParOldGen       total 194560K, used 89753K [0x00000006c0000000, 0x00000006cbe00000, 0x000000076ab00000)
  object space 194560K, 46% used [0x00000006c0000000,0x00000006c57a6710,0x00000006cbe00000)
 Metaspace       used 42964K, capacity 43324K, committed 43520K, reserved 1085440K
  class space    used 6519K, capacity 6652K, committed 6656K, reserved 1048576K
GC Heap History (10 events):
Event: 546.671 GC heap before
{Heap before GC invocations=18 (full 2):
 PSYoungGen      total 173056K, used 172576K [0x000000076ab00000, 0x000000077ae00000, 0x00000007c0000000)
  eden space 169984K, 100% used [0x000000076ab00000,0x0000000775100000,0x0000000775100000)
  from space 3072K, 84% used [0x0000000775680000,0x0000000775908270,0x0000000775980000)
  to   space 47616K, 0% used [0x0000000777f80000,0x0000000777f80000,0x000000077ae00000)
 ParOldGen       total 194560K, used 89737K [0x00000006c0000000, 0x00000006cbe00000, 0x000000076ab00000)
  object space 194560K, 46% used [0x00000006c0000000,0x00000006c57a2710,0x00000006cbe00000)
 Metaspace       used 42951K, capacity 43324K, committed 43520K, reserved 1085440K
  class space    used 6518K, capacity 6652K, committed 6656K, reserved 1048576K
Event: 546.676 GC heap after
Heap after GC invocations=18 (full 2):
 PSYoungGen      total 203264K, used 5153K [0x000000076ab00000, 0x000000077a500000, 0x00000007c0000000)
  eden space 164864K, 0% used [0x000000076ab00000,0x000000076ab00000,0x0000000774c00000)
  from space 38400K, 13% used [0x0000000777f80000,0x00000007784886a8,0x000000077a500000)
  to   space 45568K, 0% used [0x0000000774c00000,0x0000000774c00000,0x0000000777880000)
 ParOldGen       total 194560K, used 89745K [0x00000006c0000000, 0x00000006cbe00000, 0x000000076ab00000)
  object space 194560K, 46% used [0x00000006c0000000,0x00000006c57a4710,0x00000006cbe00000)
 Metaspace       used 42951K, capacity 43324K, committed 43520K, reserved 1085440K
  class space    used 6518K, capacity 6652K, committed 6656K, reserved 1048576K
}
Event: 548.948 GC heap before
{Heap before GC invocations=19 (full 2):
 PSYoungGen      total 203264K, used 170017K [0x000000076ab00000, 0x000000077a500000, 0x00000007c0000000)
  eden space 164864K, 100% used [0x000000076ab00000,0x0000000774c00000,0x0000000774c00000)
  from space 38400K, 13% used [0x0000000777f80000,0x00000007784886a8,0x000000077a500000)
  to   space 45568K, 0% used [0x0000000774c00000,0x0000000774c00000,0x0000000777880000)
 ParOldGen       total 194560K, used 89745K [0x00000006c0000000, 0x00000006cbe00000, 0x000000076ab00000)
  object space 194560K, 46% used [0x00000006c0000000,0x00000006c57a4710,0x00000006cbe00000)
 Metaspace       used 42951K, capacity 43324K, committed 43520K, reserved 1085440K
  class space    used 6518K, capacity 6652K, committed 6656K, reserved 1048576K
Event: 548.951 GC heap after
Heap after GC invocations=19 (full 2):
 PSYoungGen      total 164352K, used 4352K [0x000000076ab00000, 0x0000000779d00000, 0x00000007c0000000)
  eden space 159744K, 0% used [0x000000076ab00000,0x000000076ab00000,0x0000000774700000)
  from space 4608K, 94% used [0x0000000774c00000,0x0000000775040240,0x0000000775080000)
  to   space 44032K, 0% used [0x0000000777200000,0x0000000777200000,0x0000000779d00000)
 ParOldGen       total 194560K, used 89753K [0x00000006c0000000, 0x00000006cbe00000, 0x000000076ab00000)
  object space 194560K, 46% used [0x00000006c0000000,0x00000006c57a6710,0x00000006cbe00000)
 Metaspace       used 42951K, capacity 43324K, committed 43520K, reserved 1085440K
  class space    used 6518K, capacity 6652K, committed 6656K, reserved 1048576K
}
Event: 551.359 GC heap before
{Heap before GC invocations=20 (full 2):
 PSYoungGen      total 164352K, used 164096K [0x000000076ab00000, 0x0000000779d00000, 0x00000007c0000000)
  eden space 159744K, 100% used [0x000000076ab00000,0x0000000774700000,0x0000000774700000)
  from space 4608K, 94% used [0x0000000774c00000,0x0000000775040240,0x0000000775080000)
  to   space 44032K, 0% used [0x0000000777200000,0x0000000777200000,0x0000000779d00000)
 ParOldGen       total 194560K, used 89753K [0x00000006c0000000, 0x00000006cbe00000, 0x000000076ab00000)
  object space 194560K, 46% used [0x00000006c0000000,0x00000006c57a6710,0x00000006cbe00000)
 Metaspace       used 42951K, capacity 43324K, committed 43520K, reserved 1085440K
  class space    used 6518K, capacity 6652K, committed 6656K, reserved 1048576K
Event: 551.368 GC heap after
Heap after GC invocations=20 (full 2):
 PSYoungGen      total 188416K, used 9248K [0x000000076ab00000, 0x0000000779300000, 0x00000007c0000000)
  eden space 154624K, 0% used [0x000000076ab00000,0x000000076ab00000,0x0000000774200000)
  from space 33792K, 27% used [0x0000000777200000,0x0000000777b08240,0x0000000779300000)
  to   space 41472K, 0% used [0x0000000774200000,0x0000000774200000,0x0000000776a80000)
 ParOldGen       total 194560K, used 89753K [0x00000006c0000000, 0x00000006cbe00000, 0x000000076ab00000)
  object space 194560K, 46% used [0x00000006c0000000,0x00000006c57a6710,0x00000006cbe00000)
 Metaspace       used 42951K, capacity 43324K, committed 43520K, reserved 1085440K
  class space    used 6518K, capacity 6652K, committed 6656K, reserved 1048576K
}
Event: 553.764 GC heap before
{Heap before GC invocations=21 (full 2):
 PSYoungGen      total 188416K, used 163872K [0x000000076ab00000, 0x0000000779300000, 0x00000007c0000000)
  eden space 154624K, 100% used [0x000000076ab00000,0x0000000774200000,0x0000000774200000)
  from space 33792K, 27% used [0x0000000777200000,0x0000000777b08240,0x0000000779300000)
  to   space 41472K, 0% used [0x0000000774200000,0x0000000774200000,0x0000000776a80000)
 ParOldGen       total 194560K, used 89753K [0x00000006c0000000, 0x00000006cbe00000, 0x000000076ab00000)
  object space 194560K, 46% used [0x00000006c0000000,0x00000006c57a6710,0x00000006cbe00000)
 Metaspace       used 42953K, capacity 43324K, committed 43520K, reserved 1085440K
  class space    used 6519K, capacity 6652K, committed 6656K, reserved 1048576K
Event: 553.770 GC heap after
Heap after GC invocations=21 (full 2):
 PSYoungGen      total 160768K, used 10528K [0x000000076ab00000, 0x0000000778980000, 0x00000007c0000000)
  eden space 150016K, 0% used [0x000000076ab00000,0x000000076ab00000,0x0000000773d80000)
  from space 10752K, 97% used [0x0000000774200000,0x0000000774c48240,0x0000000774c80000)
  to   space 38912K, 0% used [0x0000000776380000,0x0000000776380000,0x0000000778980000)
 ParOldGen       total 194560K, used 89753K [0x00000006c0000000, 0x00000006cbe00000, 0x000000076ab00000)
  object space 194560K, 46% used [0x00000006c0000000,0x00000006c57a6710,0x00000006cbe00000)
 Metaspace       used 42953K, capacity 43324K, committed 43520K, reserved 1085440K
  class space    used 6519K, capacity 6652K, committed 6656K, reserved 1048576K
}
Event: 555.618 GC heap before
{Heap before GC invocations=22 (full 2):
 PSYoungGen      total 160768K, used 160544K [0x000000076ab00000, 0x0000000778980000, 0x00000007c0000000)
  eden space 150016K, 100% used [0x000000076ab00000,0x0000000773d80000,0x0000000773d80000)
  from space 10752K, 97% used [0x0000000774200000,0x0000000774c48240,0x0000000774c80000)
  to   space 38912K, 0% used [0x0000000776380000,0x0000000776380000,0x0000000778980000)
 ParOldGen       total 194560K, used 89753K [0x00000006c0000000, 0x00000006cbe00000, 0x000000076ab00000)
  object space 194560K, 46% used [0x00000006c0000000,0x00000006c57a6710,0x00000006cbe00000)
 Metaspace       used 42953K, capacity 43324K, committed 43520K, reserved 1085440K
  class space    used 6519K, capacity 6652K, committed 6656K, reserved 1048576K
Event: 555.628 GC heap after
Heap after GC invocations=22 (full 2):
 PSYoungGen      total 174592K, used 12352K [0x000000076ab00000, 0x0000000778000000, 0x00000007c0000000)
  eden space 145408K, 0% used [0x000000076ab00000,0x000000076ab00000,0x0000000773900000)
  from space 29184K, 42% used [0x0000000776380000,0x0000000776f90240,0x0000000778000000)
  to   space 36352K, 0% used [0x0000000773900000,0x0000000773900000,0x0000000775c80000)
 ParOldGen       total 194560K, used 89753K [0x00000006c0000000, 0x00000006cbe00000, 0x000000076ab00000)
  object space 194560K, 46% used [0x00000006c0000000,0x00000006c57a6710,0x00000006cbe00000)
 Metaspace       used 42953K, capacity 43324K, committed 43520K, reserved 1085440K
  class space    used 6519K, capacity 6652K, committed 6656K, reserved 1048576K
}

